2013-02-18 17:43:59,280 - Starting Apache Velocity v1.5 (compiled: 2007-02-22 08:52:29)
2013-02-18 17:43:59,280 - Default Properties File: org\apache\velocity\runtime\defaults\velocity.properties
2013-02-18 17:43:59,280 - Trying to use logger class org.apache.velocity.runtime.log.AvalonLogChute
2013-02-18 17:43:59,281 - Couldn't find class org.apache.velocity.runtime.log.AvalonLogChute or necessary supporting classes in classpath.
java.lang.NoClassDefFoundError: org/apache/log/format/Formatter
	at java.lang.Class.forName0(Native Method)
	at java.lang.Class.forName(Unknown Source)
	at org.apache.velocity.util.ClassUtils.getClass(ClassUtils.java:63)
	at org.apache.velocity.util.ClassUtils.getNewInstance(ClassUtils.java:95)
	at org.apache.velocity.runtime.log.LogManager.createLogChute(LogManager.java:147)
	at org.apache.velocity.runtime.log.LogManager.updateLog(LogManager.java:208)
	at org.apache.velocity.runtime.RuntimeInstance.initializeLog(RuntimeInstance.java:728)
	at org.apache.velocity.runtime.RuntimeInstance.init(RuntimeInstance.java:240)
	at org.apache.velocity.runtime.RuntimeInstance.init(RuntimeInstance.java:534)
	at org.apache.velocity.app.VelocityEngine.init(VelocityEngine.java:144)
	at com.amazonaws.mturk.addon.HITQuestion.<init>(HITQuestion.java:69)
	at SiteCategory.createSiteCategoryHITs(SiteCategory.java:82)
	at SiteCategory.main(SiteCategory.java:134)
Caused by: java.lang.ClassNotFoundException: org.apache.log.format.Formatter
	at java.net.URLClassLoader$1.run(Unknown Source)
	at java.net.URLClassLoader$1.run(Unknown Source)
	at java.security.AccessController.doPrivileged(Native Method)
	at java.net.URLClassLoader.findClass(Unknown Source)
	at java.lang.ClassLoader.loadClass(Unknown Source)
	at sun.misc.Launcher$AppClassLoader.loadClass(Unknown Source)
	at java.lang.ClassLoader.loadClass(Unknown Source)
	... 13 more
2013-02-18 17:43:59,284 - Trying to use logger class org.apache.velocity.runtime.log.Log4JLogChute
2013-02-18 17:43:59,284 - Using logger class org.apache.velocity.runtime.log.Log4JLogChute
2013-02-18 17:43:59,293 - Default ResourceManager initializing. (class org.apache.velocity.runtime.resource.ResourceManagerImpl)
2013-02-18 17:43:59,302 - ResourceLoader instantiated: org.apache.velocity.runtime.resource.loader.FileResourceLoader
2013-02-18 17:43:59,304 - Do unicode file recognition:  false
2013-02-18 17:43:59,305 - FileResourceLoader : adding path '.'
2013-02-18 17:43:59,334 - ResourceCache: initialized (class org.apache.velocity.runtime.resource.ResourceCacheImpl)
2013-02-18 17:43:59,336 - Loaded System Directive: org.apache.velocity.runtime.directive.Literal
2013-02-18 17:43:59,339 - Loaded System Directive: org.apache.velocity.runtime.directive.Macro
2013-02-18 17:43:59,341 - Loaded System Directive: org.apache.velocity.runtime.directive.Parse
2013-02-18 17:43:59,344 - Loaded System Directive: org.apache.velocity.runtime.directive.Include
2013-02-18 17:43:59,346 - Loaded System Directive: org.apache.velocity.runtime.directive.Foreach
2013-02-18 17:43:59,414 - Created '20' parsers.
2013-02-18 17:43:59,444 - Velocimacro : "velocimacro.library" is not set.  Trying default library: VM_global_library.vm
2013-02-18 17:43:59,445 - Velocimacro : Default library not found.
2013-02-18 17:43:59,445 - Velocimacro : allowInline = true : VMs can be defined inline in templates
2013-02-18 17:43:59,445 - Velocimacro : allowInlineToOverride = false : VMs defined inline may NOT replace previous VM definitions
2013-02-18 17:43:59,445 - Velocimacro : allowInlineLocal = false : VMs defined inline will be global in scope if allowed.
2013-02-18 17:43:59,445 - Velocimacro : autoload off : VM system will not automatically reload global library macros
2013-02-18 17:43:59,493 - ResourceManager : found site_category.question with loader org.apache.velocity.runtime.resource.loader.FileResourceLoader
2013-02-18 17:43:59,544 - Log4JLogChute initialized using file 'velocity.log'
2013-02-18 17:43:59,544 - Starting Apache Velocity v1.5 (compiled: 2007-02-22 08:52:29)
2013-02-18 17:43:59,544 - Default Properties File: org\apache\velocity\runtime\defaults\velocity.properties
2013-02-18 17:43:59,544 - Trying to use logger class org.apache.velocity.runtime.log.AvalonLogChute
2013-02-18 17:43:59,545 - Couldn't find class org.apache.velocity.runtime.log.AvalonLogChute or necessary supporting classes in classpath.
java.lang.NoClassDefFoundError: org/apache/log/format/Formatter
	at java.lang.Class.forName0(Native Method)
	at java.lang.Class.forName(Unknown Source)
	at org.apache.velocity.util.ClassUtils.getClass(ClassUtils.java:63)
	at org.apache.velocity.util.ClassUtils.getNewInstance(ClassUtils.java:95)
	at org.apache.velocity.runtime.log.LogManager.createLogChute(LogManager.java:147)
	at org.apache.velocity.runtime.log.LogManager.updateLog(LogManager.java:208)
	at org.apache.velocity.runtime.RuntimeInstance.initializeLog(RuntimeInstance.java:728)
	at org.apache.velocity.runtime.RuntimeInstance.init(RuntimeInstance.java:240)
	at org.apache.velocity.runtime.RuntimeSingleton.init(RuntimeSingleton.java:113)
	at org.apache.velocity.app.Velocity.init(Velocity.java:83)
	at com.amazonaws.mturk.util.VelocityUtil.doMerge(VelocityUtil.java:34)
	at com.amazonaws.mturk.addon.HITProperties.getQualificationType(HITProperties.java:311)
	at com.amazonaws.mturk.addon.HITProperties.getQualificationRequirements(HITProperties.java:291)
	at com.amazonaws.mturk.service.axis.RequesterService.createHITs(RequesterService.java:1512)
	at com.amazonaws.mturk.service.axis.RequesterService.createHITs(RequesterService.java:1403)
	at SiteCategory.createSiteCategoryHITs(SiteCategory.java:108)
	at SiteCategory.main(SiteCategory.java:134)
Caused by: java.lang.ClassNotFoundException: org.apache.log.format.Formatter
	at java.net.URLClassLoader$1.run(Unknown Source)
	at java.net.URLClassLoader$1.run(Unknown Source)
	at java.security.AccessController.doPrivileged(Native Method)
	at java.net.URLClassLoader.findClass(Unknown Source)
	at java.lang.ClassLoader.loadClass(Unknown Source)
	at sun.misc.Launcher$AppClassLoader.loadClass(Unknown Source)
	at java.lang.ClassLoader.loadClass(Unknown Source)
	... 17 more
2013-02-18 17:43:59,548 - Trying to use logger class org.apache.velocity.runtime.log.Log4JLogChute
2013-02-18 17:43:59,548 - Using logger class org.apache.velocity.runtime.log.Log4JLogChute
2013-02-18 17:43:59,548 - Default ResourceManager initializing. (class org.apache.velocity.runtime.resource.ResourceManagerImpl)
2013-02-18 17:43:59,549 - ResourceLoader instantiated: org.apache.velocity.runtime.resource.loader.FileResourceLoader
2013-02-18 17:43:59,549 - Do unicode file recognition:  false
2013-02-18 17:43:59,549 - FileResourceLoader : adding path '.'
2013-02-18 17:43:59,549 - ResourceCache: initialized (class org.apache.velocity.runtime.resource.ResourceCacheImpl)
2013-02-18 17:43:59,551 - Loaded System Directive: org.apache.velocity.runtime.directive.Literal
2013-02-18 17:43:59,551 - Loaded System Directive: org.apache.velocity.runtime.directive.Macro
2013-02-18 17:43:59,551 - Loaded System Directive: org.apache.velocity.runtime.directive.Parse
2013-02-18 17:43:59,552 - Loaded System Directive: org.apache.velocity.runtime.directive.Include
2013-02-18 17:43:59,552 - Loaded System Directive: org.apache.velocity.runtime.directive.Foreach
2013-02-18 17:43:59,557 - Created '20' parsers.
2013-02-18 17:43:59,557 - Velocimacro : "velocimacro.library" is not set.  Trying default library: VM_global_library.vm
2013-02-18 17:43:59,558 - Velocimacro : Default library not found.
2013-02-18 17:43:59,558 - Velocimacro : allowInline = true : VMs can be defined inline in templates
2013-02-18 17:43:59,558 - Velocimacro : allowInlineToOverride = false : VMs defined inline may NOT replace previous VM definitions
2013-02-18 17:43:59,558 - Velocimacro : allowInlineLocal = false : VMs defined inline will be global in scope if allowed.
2013-02-18 17:43:59,559 - Velocimacro : autoload off : VM system will not automatically reload global library macros
ource)
	at java.lang.ClassLoader.loadClass(Unknown Source)
	... 17 more
2013-02-18 17:43:59,548 - Trying to use logger class org.apache.velocity.runtime.log.Log4JLogChute
2013-02-18 17:43:59,548 - Using logger class org.apache.velocity.runtime.log.Log4JLogChute
2013-02-18 17:43:59,548 - Default ResourceManager initializing. (class org.apache.velocity.runtime.resource.ResourceManagerImpl)
2013-02-18 17:43:59,549 - ResourceLoader instantiated: org.apache.velocity.runtime.resource.loader.FileResourceLoader
2013-02-18 17:43:59,549 - Do unicode file recognition:  false
2013-02-18 17:43:59,549 - FileResourceLoader : adding path '.'
2013-02-18 17:43:59,549 - ResourceCache: initialized (class org.apache.velocity.runtime.resource.ResourceCacheImpl)
2013-02-18 17:43:59,551 - Loaded System Directive: org.apache.velocity.runtime.directive.Literal
2013-02-18 17:43:59,551 - Loaded System Directive: org.apache.velocity.runtime.directive.Macro
2013-02-18 17:43:59,551 - Loaded System Directive: org.apache.velocity.runtime.directive.Parse
2013-02-18 17:43:59,552 - Loaded System Directive: org.apache.velocity.runtime.directive.Include
2013-02-18 17:43:59,552 - Loaded System Directive: org.apache.velocity.runtime.directive.Foreach
2013-02-18 17:43:59,557 - Created '20' parsers.
2013-02-18 17:43:59,557 - Velocimacro : "velocimacro.library" is not set.  Trying default library: VM_global_library.vm
2013-02-18 17:43:59,558 - Velocimacro : Default library not found.
2013-02-18 17:43:59,558 - Velocimacro : allowInline = true : VMs can be defined inline in templates
2013-02-18 17:43:59,558 - Velocimacro : allowInlineToOverride = false : VMs defined inline may NOT replace previous VM definitions
2013-02-18 17:43:59,558 - Velocimacro : allowInlineLocal = false : VMs defined inline will be global in scope if allowed.
2013-02-18 17:43:59,559 - Velocimacro : autoload off : VM system will not automatically reload global library macros
2013-02-18 17:47:04,906 - Log4JLogChute initialized using file 'velocity.log'
2013-02-18 17:47:04,907 - Starting Apache Velocity v1.5 (compiled: 2007-02-22 08:52:29)
2013-02-18 17:47:04,907 - Default Properties File: org\apache\velocity\runtime\defaults\velocity.properties
2013-02-18 17:47:04,908 - Trying to use logger class org.apache.velocity.runtime.log.AvalonLogChute
2013-02-18 17:47:04,908 - Couldn't find class org.apache.velocity.runtime.log.AvalonLogChute or necessary supporting classes in classpath.
java.lang.NoClassDefFoundError: org/apache/log/format/Formatter
	at java.lang.Class.forName0(Native Method)
	at java.lang.Class.forName(Unknown Source)
	at org.apache.velocity.util.ClassUtils.getClass(ClassUtils.java:63)
	at org.apache.velocity.util.ClassUtils.getNewInstance(ClassUtils.java:95)
	at org.apache.velocity.runtime.log.LogManager.createLogChute(LogManager.java:147)
	at org.apache.velocity.runtime.log.LogManager.updateLog(LogManager.java:208)
	at org.apache.velocity.runtime.RuntimeInstance.initializeLog(RuntimeInstance.java:728)
	at org.apache.velocity.runtime.RuntimeInstance.init(RuntimeInstance.java:240)
	at org.apache.velocity.runtime.RuntimeInstance.init(RuntimeInstance.java:534)
	at org.apache.velocity.app.VelocityEngine.init(VelocityEngine.java:144)
	at com.amazonaws.mturk.addon.HITQuestion.<init>(HITQuestion.java:69)
	at SiteCategory.createSiteCategoryHITs(SiteCategory.java:82)
	at SiteCategory.main(SiteCategory.java:134)
Caused by: java.lang.ClassNotFoundException: org.apache.log.format.Formatter
	at java.net.URLClassLoader$1.run(Unknown Source)
	at java.net.URLClassLoader$1.run(Unknown Source)
	at java.security.AccessController.doPrivileged(Native Method)
	at java.net.URLClassLoader.findClass(Unknown Source)
	at java.lang.ClassLoader.loadClass(Unknown Source)
	at sun.misc.Launcher$AppClassLoader.loadClass(Unknown Source)
	at java.lang.ClassLoader.loadClass(Unknown Source)
	... 13 more
2013-02-18 17:47:04,910 - Trying to use logger class org.apache.velocity.runtime.log.Log4JLogChute
2013-02-18 17:47:04,910 - Using logger class org.apache.velocity.runtime.log.Log4JLogChute
2013-02-18 17:47:04,915 - Default ResourceManager initializing. (class org.apache.velocity.runtime.resource.ResourceManagerImpl)
2013-02-18 17:47:04,920 - ResourceLoader instantiated: org.apache.velocity.runtime.resource.loader.FileResourceLoader
2013-02-18 17:47:04,922 - Do unicode file recognition:  false
2013-02-18 17:47:04,922 - FileResourceLoader : adding path '.'
2013-02-18 17:47:04,943 - ResourceCache: initialized (class org.apache.velocity.runtime.resource.ResourceCacheImpl)
2013-02-18 17:47:04,945 - Loaded System Directive: org.apache.velocity.runtime.directive.Literal
2013-02-18 17:47:04,948 - Loaded System Directive: org.apache.velocity.runtime.directive.Macro
2013-02-18 17:47:04,950 - Loaded System Directive: org.apache.velocity.runtime.directive.Parse
2013-02-18 17:47:04,953 - Loaded System Directive: org.apache.velocity.runtime.directive.Include
2013-02-18 17:47:04,954 - Loaded System Directive: org.apache.velocity.runtime.directive.Foreach
2013-02-18 17:47:05,006 - Created '20' parsers.
2013-02-18 17:47:05,025 - Velocimacro : "velocimacro.library" is not set.  Trying default library: VM_global_library.vm
2013-02-18 17:47:05,025 - Velocimacro : Default library not found.
2013-02-18 17:47:05,026 - Velocimacro : allowInline = true : VMs can be defined inline in templates
2013-02-18 17:47:05,026 - Velocimacro : allowInlineToOverride = false : VMs defined inline may NOT replace previous VM definitions
2013-02-18 17:47:05,026 - Velocimacro : allowInlineLocal = false : VMs defined inline will be global in scope if allowed.
2013-02-18 17:47:05,026 - Velocimacro : autoload off : VM system will not automatically reload global library macros
2013-02-18 17:47:05,047 - ResourceManager : found site_category.question with loader org.apache.velocity.runtime.resource.loader.FileResourceLoader
2013-02-18 17:47:05,235 - Log4JLogChute initialized using file 'velocity.log'
2013-02-18 17:47:05,235 - Log4JLogChute initialized using file 'velocity.log'
2013-02-18 17:47:05,236 - Starting Apache Velocity v1.5 (compiled: 2007-02-22 08:52:29)
2013-02-18 17:47:05,236 - Starting Apache Velocity v1.5 (compiled: 2007-02-22 08:52:29)
2013-02-18 17:47:05,236 - Default Properties File: org\apache\velocity\runtime\defaults\velocity.properties
2013-02-18 17:47:05,236 - Default Properties File: org\apache\velocity\runtime\defaults\velocity.properties
2013-02-18 17:47:05,236 - Trying to use logger class org.apache.velocity.runtime.log.AvalonLogChute
2013-02-18 17:47:05,236 - Trying to use logger class org.apache.velocity.runtime.log.AvalonLogChute
2013-02-18 17:47:05,236 - Couldn't find class org.apache.velocity.runtime.log.AvalonLogChute or necessary supporting classes in classpath.
java.lang.NoClassDefFoundError: org/apache/log/format/Formatter
	at java.lang.Class.forName0(Native Method)
	at java.lang.Class.forName(Unknown Source)
	at org.apache.velocity.util.ClassUtils.getClass(ClassUtils.java:63)
	at org.apache.velocity.util.ClassUtils.getNewInstance(ClassUtils.java:95)
	at org.apache.velocity.runtime.log.LogManager.createLogChute(LogManager.java:147)
	at org.apache.velocity.runtime.log.LogManager.updateLog(LogManager.java:208)
	at org.apache.velocity.runtime.RuntimeInstance.initializeLog(RuntimeInstance.java:728)
	at org.apache.velocity.runtime.RuntimeInstance.init(RuntimeInstance.java:240)
	at org.apache.velocity.runtime.RuntimeSingleton.init(RuntimeSingleton.java:113)
	at org.apache.velocity.app.Velocity.init(Velocity.java:83)
	at com.amazonaws.mturk.util.VelocityUtil.doMerge(VelocityUtil.java:34)
	at com.amazonaws.mturk.addon.HITProperties.getQualificationType(HITProperties.java:311)
	at com.amazonaws.mturk.addon.HITProperties.getQualificationRequirements(HITProperties.java:291)
	at com.amazonaws.mturk.service.axis.RequesterService.createHITs(RequesterService.java:1512)
	at com.amazonaws.mturk.service.axis.RequesterService.createHITs(RequesterService.java:1403)
	at SiteCategory.createSiteCategoryHITs(SiteCategory.java:108)
	at SiteCategory.main(SiteCategory.java:134)
Caused by: java.lang.ClassNotFoundException: org.apache.log.format.Formatter
	at java.net.URLClassLoader$1.run(Unknown Source)
	at java.net.URLClassLoader$1.run(Unknown Source)
	at java.security.AccessController.doPrivileged(Native Method)
	at java.net.URLClassLoader.findClass(Unknown Source)
	at java.lang.ClassLoader.loadClass(Unknown Source)
	at sun.misc.Launcher$AppClassLoader.loadClass(Unknown Source)
	at java.lang.ClassLoader.loadClass(Unknown Source)
	... 17 more
2013-02-18 17:47:05,236 - Couldn't find class org.apache.velocity.runtime.log.AvalonLogChute or necessary supporting classes in classpath.
java.lang.NoClassDefFoundError: org/apache/log/format/Formatter
	at java.lang.Class.forName0(Native Method)
	at java.lang.Class.forName(Unknown Source)
	at org.apache.velocity.util.ClassUtils.getClass(ClassUtils.java:63)
	at org.apache.velocity.util.ClassUtils.getNewInstance(ClassUtils.java:95)
	at org.apache.velocity.runtime.log.LogManager.createLogChute(LogManager.java:147)
	at org.apache.velocity.runtime.log.LogManager.updateLog(LogManager.java:208)
	at org.apache.velocity.runtime.RuntimeInstance.initializeLog(RuntimeInstance.java:728)
	at org.apache.velocity.runtime.RuntimeInstance.init(RuntimeInstance.java:240)
	at org.apache.velocity.runtime.RuntimeSingleton.init(RuntimeSingleton.java:113)
	at org.apache.velocity.app.Velocity.init(Velocity.java:83)
	at com.amazonaws.mturk.util.VelocityUtil.doMerge(VelocityUtil.java:34)
	at com.amazonaws.mturk.addon.HITProperties.getQualificationType(HITProperties.java:311)
	at com.amazonaws.mturk.addon.HITProperties.getQualificationRequirements(HITProperties.java:291)
	at com.amazonaws.mturk.service.axis.RequesterService.createHITs(RequesterService.java:1512)
	at com.amazonaws.mturk.service.axis.RequesterService.createHITs(RequesterService.java:1403)
	at SiteCategory.createSiteCategoryHITs(SiteCategory.java:108)
	at SiteCategory.main(SiteCategory.java:134)
Caused by: java.lang.ClassNotFoundException: org.apache.log.format.Formatter
	at java.net.URLClassLoader$1.run(Unknown Source)
	at java.net.URLClassLoader$1.run(Unknown Source)
	at java.security.AccessController.doPrivileged(Native Method)
	at java.net.URLClassLoader.findClass(Unknown Source)
	at java.lang.ClassLoader.loadClass(Unknown Source)
	at sun.misc.Launcher$AppClassLoader.loadClass(Unknown Source)
	at java.lang.ClassLoader.loadClass(Unknown Source)
	... 17 more
2013-02-18 17:47:05,240 - Trying to use logger class org.apache.velocity.runtime.log.Log4JLogChute
2013-02-18 17:47:05,240 - Trying to use logger class org.apache.velocity.runtime.log.Log4JLogChute
2013-02-18 17:47:05,240 - Using logger class org.apache.velocity.runtime.log.Log4JLogChute
2013-02-18 17:47:05,240 - Using logger class org.apache.velocity.runtime.log.Log4JLogChute
2013-02-18 17:47:05,241 - Default ResourceManager initializing. (class org.apache.velocity.runtime.resource.ResourceManagerImpl)
2013-02-18 17:47:05,241 - Default ResourceManager initializing. (class org.apache.velocity.runtime.resource.ResourceManagerImpl)
2013-02-18 17:47:05,241 - ResourceLoader instantiated: org.apache.velocity.runtime.resource.loader.FileResourceLoader
2013-02-18 17:47:05,241 - ResourceLoader instantiated: org.apache.velocity.runtime.resource.loader.FileResourceLoader
2013-02-18 17:47:05,242 - Do unicode file recognition:  false
2013-02-18 17:47:05,242 - Do unicode file recognition:  false
2013-02-18 17:47:05,242 - FileResourceLoader : adding path '.'
2013-02-18 17:47:05,242 - FileResourceLoader : adding path '.'
2013-02-18 17:47:05,242 - ResourceCache: initialized (class org.apache.velocity.runtime.resource.ResourceCacheImpl)
2013-02-18 17:47:05,242 - ResourceCache: initialized (class org.apache.velocity.runtime.resource.ResourceCacheImpl)
2013-02-18 17:47:05,244 - Loaded System Directive: org.apache.velocity.runtime.directive.Literal
2013-02-18 17:47:05,244 - Loaded System Directive: org.apache.velocity.runtime.directive.Literal
2013-02-18 17:47:05,244 - Loaded System Directive: org.apache.velocity.runtime.directive.Macro
2013-02-18 17:47:05,244 - Loaded System Directive: org.apache.velocity.runtime.directive.Macro
2013-02-18 17:47:05,244 - Loaded System Directive: org.apache.velocity.runtime.directive.Parse
2013-02-18 17:47:05,244 - Loaded System Directive: org.apache.velocity.runtime.directive.Parse
2013-02-18 17:47:05,245 - Loaded System Directive: org.apache.velocity.runtime.directive.Include
2013-02-18 17:47:05,245 - Loaded System Directive: org.apache.velocity.runtime.directive.Include
2013-02-18 17:47:05,245 - Loaded System Directive: org.apache.velocity.runtime.directive.Foreach
2013-02-18 17:47:05,245 - Loaded System Directive: org.apache.velocity.runtime.directive.Foreach
2013-02-18 17:47:05,250 - Created '20' parsers.
2013-02-18 17:47:05,250 - Created '20' parsers.
2013-02-18 17:47:05,250 - Velocimacro : "velocimacro.library" is not set.  Trying default library: VM_global_library.vm
2013-02-18 17:47:05,250 - Velocimacro : "velocimacro.library" is not set.  Trying default library: VM_global_library.vm
2013-02-18 17:47:05,250 - Velocimacro : Default library not found.
2013-02-18 17:47:05,250 - Velocimacro : Default library not found.
2013-02-18 17:47:05,251 - Velocimacro : allowInline = true : VMs can be defined inline in templates
2013-02-18 17:47:05,251 - Velocimacro : allowInline = true : VMs can be defined inline in templates
2013-02-18 17:47:05,251 - Velocimacro : allowInlineToOverride = false : VMs defined inline may NOT replace previous VM definitions
2013-02-18 17:47:05,251 - Velocimacro : allowInlineToOverride = false : VMs defined inline may NOT replace previous VM definitions
2013-02-18 17:47:05,251 - Velocimacro : allowInlineLocal = false : VMs defined inline will be global in scope if allowed.
2013-02-18 17:47:05,251 - Velocimacro : allowInlineLocal = false : VMs defined inline will be global in scope if allowed.
2013-02-18 17:47:05,252 - Velocimacro : autoload off : VM system will not automatically reload global library macros
2013-02-18 17:47:05,252 - Velocimacro : autoload off : VM system will not automatically reload global library macros
2013-02-18 17:48:59,106 - Log4JLogChute initialized using file 'velocity.log'
2013-02-18 17:48:59,107 - Starting Apache Velocity v1.5 (compiled: 2007-02-22 08:52:29)
2013-02-18 17:48:59,107 - Default Properties File: org\apache\velocity\runtime\defaults\velocity.properties
2013-02-18 17:48:59,107 - Trying to use logger class org.apache.velocity.runtime.log.AvalonLogChute
2013-02-18 17:48:59,107 - Couldn't find class org.apache.velocity.runtime.log.AvalonLogChute or necessary supporting classes in classpath.
java.lang.NoClassDefFoundError: org/apache/log/format/Formatter
	at java.lang.Class.forName0(Native Method)
	at java.lang.Class.forName(Unknown Source)
	at org.apache.velocity.util.ClassUtils.getClass(ClassUtils.java:63)
	at org.apache.velocity.util.ClassUtils.getNewInstance(ClassUtils.java:95)
	at org.apache.velocity.runtime.log.LogManager.createLogChute(LogManager.java:147)
	at org.apache.velocity.runtime.log.LogManager.updateLog(LogManager.java:208)
	at org.apache.velocity.runtime.RuntimeInstance.initializeLog(RuntimeInstance.java:728)
	at org.apache.velocity.runtime.RuntimeInstance.init(RuntimeInstance.java:240)
	at org.apache.velocity.runtime.RuntimeInstance.init(RuntimeInstance.java:534)
	at org.apache.velocity.app.VelocityEngine.init(VelocityEngine.java:144)
	at com.amazonaws.mturk.addon.HITQuestion.<init>(HITQuestion.java:69)
	at SiteCategory.createSiteCategoryHITs(SiteCategory.java:82)
	at SiteCategory.main(SiteCategory.java:134)
Caused by: java.lang.ClassNotFoundException: org.apache.log.format.Formatter
	at java.net.URLClassLoader$1.run(Unknown Source)
	at java.net.URLClassLoader$1.run(Unknown Source)
	at java.security.AccessController.doPrivileged(Native Method)
	at java.net.URLClassLoader.findClass(Unknown Source)
	at java.lang.ClassLoader.loadClass(Unknown Source)
	at sun.misc.Launcher$AppClassLoader.loadClass(Unknown Source)
	at java.lang.ClassLoader.loadClass(Unknown Source)
	... 13 more
2013-02-18 17:48:59,110 - Trying to use logger class org.apache.velocity.runtime.log.Log4JLogChute
2013-02-18 17:48:59,110 - Using logger class org.apache.velocity.runtime.log.Log4JLogChute
2013-02-18 17:48:59,114 - Default ResourceManager initializing. (class org.apache.velocity.runtime.resource.ResourceManagerImpl)
2013-02-18 17:48:59,120 - ResourceLoader instantiated: org.apache.velocity.runtime.resource.loader.FileResourceLoader
2013-02-18 17:48:59,123 - Do unicode file recognition:  false
2013-02-18 17:48:59,123 - FileResourceLoader : adding path '.'
2013-02-18 17:48:59,144 - ResourceCache: initialized (class org.apache.velocity.runtime.resource.ResourceCacheImpl)
2013-02-18 17:48:59,146 - Loaded System Directive: org.apache.velocity.runtime.directive.Literal
2013-02-18 17:48:59,148 - Loaded System Directive: org.apache.velocity.runtime.directive.Macro
2013-02-18 17:48:59,151 - Loaded System Directive: org.apache.velocity.runtime.directive.Parse
2013-02-18 17:48:59,153 - Loaded System Directive: org.apache.velocity.runtime.directive.Include
2013-02-18 17:48:59,155 - Loaded System Directive: org.apache.velocity.runtime.directive.Foreach
2013-02-18 17:48:59,203 - Created '20' parsers.
2013-02-18 17:48:59,215 - Velocimacro : "velocimacro.library" is not set.  Trying default library: VM_global_library.vm
2013-02-18 17:48:59,216 - Velocimacro : Default library not found.
2013-02-18 17:48:59,216 - Velocimacro : allowInline = true : VMs can be defined inline in templates
2013-02-18 17:48:59,216 - Velocimacro : allowInlineToOverride = false : VMs defined inline may NOT replace previous VM definitions
2013-02-18 17:48:59,216 - Velocimacro : allowInlineLocal = false : VMs defined inline will be global in scope if allowed.
2013-02-18 17:48:59,216 - Velocimacro : autoload off : VM system will not automatically reload global library macros
2013-02-18 17:48:59,234 - ResourceManager : found site_category.question with loader org.apache.velocity.runtime.resource.loader.FileResourceLoader
2013-02-18 17:48:59,268 - Log4JLogChute initialized using file 'velocity.log'
2013-02-18 17:48:59,268 - Log4JLogChute initialized using file 'velocity.log'
2013-02-18 17:48:59,269 - Starting Apache Velocity v1.5 (compiled: 2007-02-22 08:52:29)
2013-02-18 17:48:59,269 - Starting Apache Velocity v1.5 (compiled: 2007-02-22 08:52:29)
2013-02-18 17:48:59,269 - Default Properties File: org\apache\velocity\runtime\defaults\velocity.properties
2013-02-18 17:48:59,269 - Default Properties File: org\apache\velocity\runtime\defaults\velocity.properties
2013-02-18 17:48:59,269 - Trying to use logger class org.apache.velocity.runtime.log.AvalonLogChute
2013-02-18 17:48:59,269 - Trying to use logger class org.apache.velocity.runtime.log.AvalonLogChute
2013-02-18 17:48:59,269 - Couldn't find class org.apache.velocity.runtime.log.AvalonLogChute or necessary supporting classes in classpath.
java.lang.NoClassDefFoundError: org/apache/log/format/Formatter
	at java.lang.Class.forName0(Native Method)
	at java.lang.Class.forName(Unknown Source)
	at org.apache.velocity.util.ClassUtils.getClass(ClassUtils.java:63)
	at org.apache.velocity.util.ClassUtils.getNewInstance(ClassUtils.java:95)
	at org.apache.velocity.runtime.log.LogManager.createLogChute(LogManager.java:147)
	at org.apache.velocity.runtime.log.LogManager.updateLog(LogManager.java:208)
	at org.apache.velocity.runtime.RuntimeInstance.initializeLog(RuntimeInstance.java:728)
	at org.apache.velocity.runtime.RuntimeInstance.init(RuntimeInstance.java:240)
	at org.apache.velocity.runtime.RuntimeSingleton.init(RuntimeSingleton.java:113)
	at org.apache.velocity.app.Velocity.init(Velocity.java:83)
	at com.amazonaws.mturk.util.VelocityUtil.doMerge(VelocityUtil.java:34)
	at com.amazonaws.mturk.addon.HITProperties.getQualificationType(HITProperties.java:311)
	at com.amazonaws.mturk.addon.HITProperties.getQualificationRequirements(HITProperties.java:291)
	at com.amazonaws.mturk.service.axis.RequesterService.createHITs(RequesterService.java:1512)
	at com.amazonaws.mturk.service.axis.RequesterService.createHITs(RequesterService.java:1403)
	at SiteCategory.createSiteCategoryHITs(SiteCategory.java:108)
	at SiteCategory.main(SiteCategory.java:134)
Caused by: java.lang.ClassNotFoundException: org.apache.log.format.Formatter
	at java.net.URLClassLoader$1.run(Unknown Source)
	at java.net.URLClassLoader$1.run(Unknown Source)
	at java.security.AccessController.doPrivileged(Native Method)
	at java.net.URLClassLoader.findClass(Unknown Source)
	at java.lang.ClassLoader.loadClass(Unknown Source)
	at sun.misc.Launcher$AppClassLoader.loadClass(Unknown Source)
	at java.lang.ClassLoader.loadClass(Unknown Source)
	... 17 more
2013-02-18 17:48:59,269 - Couldn't find class org.apache.velocity.runtime.log.AvalonLogChute or necessary supporting classes in classpath.
java.lang.NoClassDefFoundError: org/apache/log/format/Formatter
	at java.lang.Class.forName0(Native Method)
	at java.lang.Class.forName(Unknown Source)
	at org.apache.velocity.util.ClassUtils.getClass(ClassUtils.java:63)
	at org.apache.velocity.util.ClassUtils.getNewInstance(ClassUtils.java:95)
	at org.apache.velocity.runtime.log.LogManager.createLogChute(LogManager.java:147)
	at org.apache.velocity.runtime.log.LogManager.updateLog(LogManager.java:208)
	at org.apache.velocity.runtime.RuntimeInstance.initializeLog(RuntimeInstance.java:728)
	at org.apache.velocity.runtime.RuntimeInstance.init(RuntimeInstance.java:240)
	at org.apache.velocity.runtime.RuntimeSingleton.init(RuntimeSingleton.java:113)
	at org.apache.velocity.app.Velocity.init(Velocity.java:83)
	at com.amazonaws.mturk.util.VelocityUtil.doMerge(VelocityUtil.java:34)
	at com.amazonaws.mturk.addon.HITProperties.getQualificationType(HITProperties.java:311)
	at com.amazonaws.mturk.addon.HITProperties.getQualificationRequirements(HITProperties.java:291)
	at com.amazonaws.mturk.service.axis.RequesterService.createHITs(RequesterService.java:1512)
	at com.amazonaws.mturk.service.axis.RequesterService.createHITs(RequesterService.java:1403)
	at SiteCategory.createSiteCategoryHITs(SiteCategory.java:108)
	at SiteCategory.main(SiteCategory.java:134)
Caused by: java.lang.ClassNotFoundException: org.apache.log.format.Formatter
	at java.net.URLClassLoader$1.run(Unknown Source)
	at java.net.URLClassLoader$1.run(Unknown Source)
	at java.security.AccessController.doPrivileged(Native Method)
	at java.net.URLClassLoader.findClass(Unknown Source)
	at java.lang.ClassLoader.loadClass(Unknown Source)
	at sun.misc.Launcher$AppClassLoader.loadClass(Unknown Source)
	at java.lang.ClassLoader.loadClass(Unknown Source)
	... 17 more
2013-02-18 17:48:59,273 - Trying to use logger class org.apache.velocity.runtime.log.Log4JLogChute
2013-02-18 17:48:59,273 - Trying to use logger class org.apache.velocity.runtime.log.Log4JLogChute
2013-02-18 17:48:59,273 - Using logger class org.apache.velocity.runtime.log.Log4JLogChute
2013-02-18 17:48:59,273 - Using logger class org.apache.velocity.runtime.log.Log4JLogChute
2013-02-18 17:48:59,274 - Default ResourceManager initializing. (class org.apache.velocity.runtime.resource.ResourceManagerImpl)
2013-02-18 17:48:59,274 - Default ResourceManager initializing. (class org.apache.velocity.runtime.resource.ResourceManagerImpl)
2013-02-18 17:48:59,274 - ResourceLoader instantiated: org.apache.velocity.runtime.resource.loader.FileResourceLoader
2013-02-18 17:48:59,274 - ResourceLoader instantiated: org.apache.velocity.runtime.resource.loader.FileResourceLoader
2013-02-18 17:48:59,275 - Do unicode file recognition:  false
2013-02-18 17:48:59,275 - Do unicode file recognition:  false
2013-02-18 17:48:59,275 - FileResourceLoader : adding path '.'
2013-02-18 17:48:59,275 - FileResourceLoader : adding path '.'
2013-02-18 17:48:59,275 - ResourceCache: initialized (class org.apache.velocity.runtime.resource.ResourceCacheImpl)
2013-02-18 17:48:59,275 - ResourceCache: initialized (class org.apache.velocity.runtime.resource.ResourceCacheImpl)
2013-02-18 17:48:59,277 - Loaded System Directive: org.apache.velocity.runtime.directive.Literal
2013-02-18 17:48:59,277 - Loaded System Directive: org.apache.velocity.runtime.directive.Literal
2013-02-18 17:48:59,277 - Loaded System Directive: org.apache.velocity.runtime.directive.Macro
2013-02-18 17:48:59,277 - Loaded System Directive: org.apache.velocity.runtime.directive.Macro
2013-02-18 17:48:59,277 - Loaded System Directive: org.apache.velocity.runtime.directive.Parse
2013-02-18 17:48:59,277 - Loaded System Directive: org.apache.velocity.runtime.directive.Parse
2013-02-18 17:48:59,277 - Loaded System Directive: org.apache.velocity.runtime.directive.Include
2013-02-18 17:48:59,277 - Loaded System Directive: org.apache.velocity.runtime.directive.Include
2013-02-18 17:48:59,278 - Loaded System Directive: org.apache.velocity.runtime.directive.Foreach
2013-02-18 17:48:59,278 - Loaded System Directive: org.apache.velocity.runtime.directive.Foreach
2013-02-18 17:48:59,282 - Created '20' parsers.
2013-02-18 17:48:59,282 - Created '20' parsers.
2013-02-18 17:48:59,282 - Velocimacro : "velocimacro.library" is not set.  Trying default library: VM_global_library.vm
2013-02-18 17:48:59,282 - Velocimacro : "velocimacro.library" is not set.  Trying default library: VM_global_library.vm
2013-02-18 17:48:59,283 - Velocimacro : Default library not found.
2013-02-18 17:48:59,283 - Velocimacro : Default library not found.
2013-02-18 17:48:59,283 - Velocimacro : allowInline = true : VMs can be defined inline in templates
2013-02-18 17:48:59,283 - Velocimacro : allowInline = true : VMs can be defined inline in templates
2013-02-18 17:48:59,283 - Velocimacro : allowInlineToOverride = false : VMs defined inline may NOT replace previous VM definitions
2013-02-18 17:48:59,283 - Velocimacro : allowInlineToOverride = false : VMs defined inline may NOT replace previous VM definitions
2013-02-18 17:48:59,283 - Velocimacro : allowInlineLocal = false : VMs defined inline will be global in scope if allowed.
2013-02-18 17:48:59,283 - Velocimacro : allowInlineLocal = false : VMs defined inline will be global in scope if allowed.
2013-02-18 17:48:59,284 - Velocimacro : autoload off : VM system will not automatically reload global library macros
2013-02-18 17:48:59,284 - Velocimacro : autoload off : VM system will not automatically reload global library macros
2013-02-18 17:49:36,241 - Log4JLogChute initialized using file 'velocity.log'
2013-02-18 17:49:36,241 - Starting Apache Velocity v1.5 (compiled: 2007-02-22 08:52:29)
2013-02-18 17:49:36,241 - Default Properties File: org\apache\velocity\runtime\defaults\velocity.properties
2013-02-18 17:49:36,242 - Trying to use logger class org.apache.velocity.runtime.log.AvalonLogChute
2013-02-18 17:49:36,242 - Couldn't find class org.apache.velocity.runtime.log.AvalonLogChute or necessary supporting classes in classpath.
java.lang.NoClassDefFoundError: org/apache/log/format/Formatter
	at java.lang.Class.forName0(Native Method)
	at java.lang.Class.forName(Unknown Source)
	at org.apache.velocity.util.ClassUtils.getClass(ClassUtils.java:63)
	at org.apache.velocity.util.ClassUtils.getNewInstance(ClassUtils.java:95)
	at org.apache.velocity.runtime.log.LogManager.createLogChute(LogManager.java:147)
	at org.apache.velocity.runtime.log.LogManager.updateLog(LogManager.java:208)
	at org.apache.velocity.runtime.RuntimeInstance.initializeLog(RuntimeInstance.java:728)
	at org.apache.velocity.runtime.RuntimeInstance.init(RuntimeInstance.java:240)
	at org.apache.velocity.runtime.RuntimeInstance.init(RuntimeInstance.java:534)
	at org.apache.velocity.app.VelocityEngine.init(VelocityEngine.java:144)
	at com.amazonaws.mturk.addon.HITQuestion.<init>(HITQuestion.java:69)
	at SiteCategory.createSiteCategoryHITs(SiteCategory.java:82)
	at SiteCategory.main(SiteCategory.java:134)
Caused by: java.lang.ClassNotFoundException: org.apache.log.format.Formatter
	at java.net.URLClassLoader$1.run(Unknown Source)
	at java.net.URLClassLoader$1.run(Unknown Source)
	at java.security.AccessController.doPrivileged(Native Method)
	at java.net.URLClassLoader.findClass(Unknown Source)
	at java.lang.ClassLoader.loadClass(Unknown Source)
	at sun.misc.Launcher$AppClassLoader.loadClass(Unknown Source)
	at java.lang.ClassLoader.loadClass(Unknown Source)
	... 13 more
2013-02-18 17:49:36,243 - Trying to use logger class org.apache.velocity.runtime.log.Log4JLogChute
2013-02-18 17:49:36,244 - Using logger class org.apache.velocity.runtime.log.Log4JLogChute
2013-02-18 17:49:36,248 - Default ResourceManager initializing. (class org.apache.velocity.runtime.resource.ResourceManagerImpl)
2013-02-18 17:49:36,254 - ResourceLoader instantiated: org.apache.velocity.runtime.resource.loader.FileResourceLoader
2013-02-18 17:49:36,256 - Do unicode file recognition:  false
2013-02-18 17:49:36,256 - FileResourceLoader : adding path '.'
2013-02-18 17:49:36,277 - ResourceCache: initialized (class org.apache.velocity.runtime.resource.ResourceCacheImpl)
2013-02-18 17:49:36,279 - Loaded System Directive: org.apache.velocity.runtime.directive.Literal
2013-02-18 17:49:36,281 - Loaded System Directive: org.apache.velocity.runtime.directive.Macro
2013-02-18 17:49:36,284 - Loaded System Directive: org.apache.velocity.runtime.directive.Parse
2013-02-18 17:49:36,286 - Loaded System Directive: org.apache.velocity.runtime.directive.Include
2013-02-18 17:49:36,288 - Loaded System Directive: org.apache.velocity.runtime.directive.Foreach
2013-02-18 17:49:36,333 - Created '20' parsers.
2013-02-18 17:49:36,345 - Velocimacro : "velocimacro.library" is not set.  Trying default library: VM_global_library.vm
2013-02-18 17:49:36,345 - Velocimacro : Default library not found.
2013-02-18 17:49:36,345 - Velocimacro : allowInline = true : VMs can be defined inline in templates
2013-02-18 17:49:36,346 - Velocimacro : allowInlineToOverride = false : VMs defined inline may NOT replace previous VM definitions
2013-02-18 17:49:36,346 - Velocimacro : allowInlineLocal = false : VMs defined inline will be global in scope if allowed.
2013-02-18 17:49:36,346 - Velocimacro : autoload off : VM system will not automatically reload global library macros
2013-02-18 17:49:36,366 - ResourceManager : found site_category.question with loader org.apache.velocity.runtime.resource.loader.FileResourceLoader
2013-02-18 17:49:36,406 - Log4JLogChute initialized using file 'velocity.log'
2013-02-18 17:49:36,406 - Log4JLogChute initialized using file 'velocity.log'
2013-02-18 17:49:36,406 - Starting Apache Velocity v1.5 (compiled: 2007-02-22 08:52:29)
2013-02-18 17:49:36,406 - Starting Apache Velocity v1.5 (compiled: 2007-02-22 08:52:29)
2013-02-18 17:49:36,406 - Default Properties File: org\apache\velocity\runtime\defaults\velocity.properties
2013-02-18 17:49:36,406 - Default Properties File: org\apache\velocity\runtime\defaults\velocity.properties
2013-02-18 17:49:36,407 - Trying to use logger class org.apache.velocity.runtime.log.AvalonLogChute
2013-02-18 17:49:36,407 - Trying to use logger class org.apache.velocity.runtime.log.AvalonLogChute
2013-02-18 17:49:36,407 - Couldn't find class org.apache.velocity.runtime.log.AvalonLogChute or necessary supporting classes in classpath.
java.lang.NoClassDefFoundError: org/apache/log/format/Formatter
	at java.lang.Class.forName0(Native Method)
	at java.lang.Class.forName(Unknown Source)
	at org.apache.velocity.util.ClassUtils.getClass(ClassUtils.java:63)
	at org.apache.velocity.util.ClassUtils.getNewInstance(ClassUtils.java:95)
	at org.apache.velocity.runtime.log.LogManager.createLogChute(LogManager.java:147)
	at org.apache.velocity.runtime.log.LogManager.updateLog(LogManager.java:208)
	at org.apache.velocity.runtime.RuntimeInstance.initializeLog(RuntimeInstance.java:728)
	at org.apache.velocity.runtime.RuntimeInstance.init(RuntimeInstance.java:240)
	at org.apache.velocity.runtime.RuntimeSingleton.init(RuntimeSingleton.java:113)
	at org.apache.velocity.app.Velocity.init(Velocity.java:83)
	at com.amazonaws.mturk.util.VelocityUtil.doMerge(VelocityUtil.java:34)
	at com.amazonaws.mturk.addon.HITProperties.getQualificationType(HITProperties.java:311)
	at com.amazonaws.mturk.addon.HITProperties.getQualificationRequirements(HITProperties.java:291)
	at com.amazonaws.mturk.service.axis.RequesterService.createHITs(RequesterService.java:1512)
	at com.amazonaws.mturk.service.axis.RequesterService.createHITs(RequesterService.java:1403)
	at SiteCategory.createSiteCategoryHITs(SiteCategory.java:108)
	at SiteCategory.main(SiteCategory.java:134)
Caused by: java.lang.ClassNotFoundException: org.apache.log.format.Formatter
	at java.net.URLClassLoader$1.run(Unknown Source)
	at java.net.URLClassLoader$1.run(Unknown Source)
	at java.security.AccessController.doPrivileged(Native Method)
	at java.net.URLClassLoader.findClass(Unknown Source)
	at java.lang.ClassLoader.loadClass(Unknown Source)
	at sun.misc.Launcher$AppClassLoader.loadClass(Unknown Source)
	at java.lang.ClassLoader.loadClass(Unknown Source)
	... 17 more
2013-02-18 17:49:36,407 - Couldn't find class org.apache.velocity.runtime.log.AvalonLogChute or necessary supporting classes in classpath.
java.lang.NoClassDefFoundError: org/apache/log/format/Formatter
	at java.lang.Class.forName0(Native Method)
	at java.lang.Class.forName(Unknown Source)
	at org.apache.velocity.util.ClassUtils.getClass(ClassUtils.java:63)
	at org.apache.velocity.util.ClassUtils.getNewInstance(ClassUtils.java:95)
	at org.apache.velocity.runtime.log.LogManager.createLogChute(LogManager.java:147)
	at org.apache.velocity.runtime.log.LogManager.updateLog(LogManager.java:208)
	at org.apache.velocity.runtime.RuntimeInstance.initializeLog(RuntimeInstance.java:728)
	at org.apache.velocity.runtime.RuntimeInstance.init(RuntimeInstance.java:240)
	at org.apache.velocity.runtime.RuntimeSingleton.init(RuntimeSingleton.java:113)
	at org.apache.velocity.app.Velocity.init(Velocity.java:83)
	at com.amazonaws.mturk.util.VelocityUtil.doMerge(VelocityUtil.java:34)
	at com.amazonaws.mturk.addon.HITProperties.getQualificationType(HITProperties.java:311)
	at com.amazonaws.mturk.addon.HITProperties.getQualificationRequirements(HITProperties.java:291)
	at com.amazonaws.mturk.service.axis.RequesterService.createHITs(RequesterService.java:1512)
	at com.amazonaws.mturk.service.axis.RequesterService.createHITs(RequesterService.java:1403)
	at SiteCategory.createSiteCategoryHITs(SiteCategory.java:108)
	at SiteCategory.main(SiteCategory.java:134)
Caused by: java.lang.ClassNotFoundException: org.apache.log.format.Formatter
	at java.net.URLClassLoader$1.run(Unknown Source)
	at java.net.URLClassLoader$1.run(Unknown Source)
	at java.security.AccessController.doPrivileged(Native Method)
	at java.net.URLClassLoader.findClass(Unknown Source)
	at java.lang.ClassLoader.loadClass(Unknown Source)
	at sun.misc.Launcher$AppClassLoader.loadClass(Unknown Source)
	at java.lang.ClassLoader.loadClass(Unknown Source)
	... 17 more
2013-02-18 17:49:36,411 - Trying to use logger class org.apache.velocity.runtime.log.Log4JLogChute
2013-02-18 17:49:36,411 - Trying to use logger class org.apache.velocity.runtime.log.Log4JLogChute
2013-02-18 17:49:36,411 - Using logger class org.apache.velocity.runtime.log.Log4JLogChute
2013-02-18 17:49:36,411 - Using logger class org.apache.velocity.runtime.log.Log4JLogChute
2013-02-18 17:49:36,412 - Default ResourceManager initializing. (class org.apache.velocity.runtime.resource.ResourceManagerImpl)
2013-02-18 17:49:36,412 - Default ResourceManager initializing. (class org.apache.velocity.runtime.resource.ResourceManagerImpl)
2013-02-18 17:49:36,412 - ResourceLoader instantiated: org.apache.velocity.runtime.resource.loader.FileResourceLoader
2013-02-18 17:49:36,412 - ResourceLoader instantiated: org.apache.velocity.runtime.resource.loader.FileResourceLoader
2013-02-18 17:49:36,413 - Do unicode file recognition:  false
2013-02-18 17:49:36,413 - Do unicode file recognition:  false
2013-02-18 17:49:36,413 - FileResourceLoader : adding path '.'
2013-02-18 17:49:36,413 - FileResourceLoader : adding path '.'
2013-02-18 17:49:36,413 - ResourceCache: initialized (class org.apache.velocity.runtime.resource.ResourceCacheImpl)
2013-02-18 17:49:36,413 - ResourceCache: initialized (class org.apache.velocity.runtime.resource.ResourceCacheImpl)
2013-02-18 17:49:36,415 - Loaded System Directive: org.apache.velocity.runtime.directive.Literal
2013-02-18 17:49:36,415 - Loaded System Directive: org.apache.velocity.runtime.directive.Literal
2013-02-18 17:49:36,415 - Loaded System Directive: org.apache.velocity.runtime.directive.Macro
2013-02-18 17:49:36,415 - Loaded System Directive: org.apache.velocity.runtime.directive.Macro
2013-02-18 17:49:36,415 - Loaded System Directive: org.apache.velocity.runtime.directive.Parse
2013-02-18 17:49:36,415 - Loaded System Directive: org.apache.velocity.runtime.directive.Parse
2013-02-18 17:49:36,416 - Loaded System Directive: org.apache.velocity.runtime.directive.Include
2013-02-18 17:49:36,416 - Loaded System Directive: org.apache.velocity.runtime.directive.Include
2013-02-18 17:49:36,416 - Loaded System Directive: org.apache.velocity.runtime.directive.Foreach
2013-02-18 17:49:36,416 - Loaded System Directive: org.apache.velocity.runtime.directive.Foreach
2013-02-18 17:49:36,421 - Created '20' parsers.
2013-02-18 17:49:36,421 - Created '20' parsers.
2013-02-18 17:49:36,421 - Velocimacro : "velocimacro.library" is not set.  Trying default library: VM_global_library.vm
2013-02-18 17:49:36,421 - Velocimacro : "velocimacro.library" is not set.  Trying default library: VM_global_library.vm
2013-02-18 17:49:36,421 - Velocimacro : Default library not found.
2013-02-18 17:49:36,421 - Velocimacro : Default library not found.
2013-02-18 17:49:36,422 - Velocimacro : allowInline = true : VMs can be defined inline in templates
2013-02-18 17:49:36,422 - Velocimacro : allowInline = true : VMs can be defined inline in templates
2013-02-18 17:49:36,422 - Velocimacro : allowInlineToOverride = false : VMs defined inline may NOT replace previous VM definitions
2013-02-18 17:49:36,422 - Velocimacro : allowInlineToOverride = false : VMs defined inline may NOT replace previous VM definitions
2013-02-18 17:49:36,422 - Velocimacro : allowInlineLocal = false : VMs defined inline will be global in scope if allowed.
2013-02-18 17:49:36,422 - Velocimacro : allowInlineLocal = false : VMs defined inline will be global in scope if allowed.
2013-02-18 17:49:36,423 - Velocimacro : autoload off : VM system will not automatically reload global library macros
2013-02-18 17:49:36,423 - Velocimacro : autoload off : VM system will not automatically reload global library macros
